2022-01-28 13:56:47,447 [myid:] - INFO  [main:QuorumPeerConfig@174] - Reading configuration from: /Users/siddharth.rawat/Personal/learning/apache-zookeeper-3.6.3-bin/bin/../conf/zoo.cfg
2022-01-28 13:56:47,460 [myid:] - INFO  [main:QuorumPeerConfig@460] - clientPortAddress is 0.0.0.0:2181
2022-01-28 13:56:47,460 [myid:] - INFO  [main:QuorumPeerConfig@464] - secureClientPort is not set
2022-01-28 13:56:47,460 [myid:] - INFO  [main:QuorumPeerConfig@480] - observerMasterPort is not set
2022-01-28 13:56:47,460 [myid:] - INFO  [main:QuorumPeerConfig@497] - metricsProvider.className is org.apache.zookeeper.metrics.impl.DefaultMetricsProvider
2022-01-28 13:56:47,464 [myid:] - INFO  [main:DatadirCleanupManager@78] - autopurge.snapRetainCount set to 3
2022-01-28 13:56:47,464 [myid:] - INFO  [main:DatadirCleanupManager@79] - autopurge.purgeInterval set to 0
2022-01-28 13:56:47,464 [myid:] - INFO  [main:DatadirCleanupManager@101] - Purge task is not scheduled.
2022-01-28 13:56:47,464 [myid:] - WARN  [main:QuorumPeerMain@138] - Either no config or no quorum defined in config, running in standalone mode
2022-01-28 13:56:47,469 [myid:] - INFO  [main:ManagedUtil@44] - Log4j 1.2 jmx support found and enabled.
2022-01-28 13:56:47,475 [myid:] - INFO  [main:QuorumPeerConfig@174] - Reading configuration from: /Users/siddharth.rawat/Personal/learning/apache-zookeeper-3.6.3-bin/bin/../conf/zoo.cfg
2022-01-28 13:56:47,476 [myid:] - INFO  [main:QuorumPeerConfig@460] - clientPortAddress is 0.0.0.0:2181
2022-01-28 13:56:47,476 [myid:] - INFO  [main:QuorumPeerConfig@464] - secureClientPort is not set
2022-01-28 13:56:47,476 [myid:] - INFO  [main:QuorumPeerConfig@480] - observerMasterPort is not set
2022-01-28 13:56:47,476 [myid:] - INFO  [main:QuorumPeerConfig@497] - metricsProvider.className is org.apache.zookeeper.metrics.impl.DefaultMetricsProvider
2022-01-28 13:56:47,476 [myid:] - INFO  [main:ZooKeeperServerMain@122] - Starting server
2022-01-28 13:56:47,491 [myid:] - INFO  [main:ServerMetrics@62] - ServerMetrics initialized with provider org.apache.zookeeper.metrics.impl.DefaultMetricsProvider@6bdf28bb
2022-01-28 13:56:47,495 [myid:] - INFO  [main:FileTxnSnapLog@124] - zookeeper.snapshot.trust.empty : false
2022-01-28 13:56:47,504 [myid:] - INFO  [main:ZookeeperBanner@42] - 
2022-01-28 13:56:47,504 [myid:] - INFO  [main:ZookeeperBanner@42] -   ______                  _                                          
2022-01-28 13:56:47,504 [myid:] - INFO  [main:ZookeeperBanner@42] -  |___  /                 | |                                         
2022-01-28 13:56:47,504 [myid:] - INFO  [main:ZookeeperBanner@42] -     / /    ___     ___   | | __   ___    ___   _ __     ___   _ __   
2022-01-28 13:56:47,504 [myid:] - INFO  [main:ZookeeperBanner@42] -    / /    / _ \   / _ \  | |/ /  / _ \  / _ \ | '_ \   / _ \ | '__|
2022-01-28 13:56:47,504 [myid:] - INFO  [main:ZookeeperBanner@42] -   / /__  | (_) | | (_) | |   <  |  __/ |  __/ | |_) | |  __/ | |    
2022-01-28 13:56:47,504 [myid:] - INFO  [main:ZookeeperBanner@42] -  /_____|  \___/   \___/  |_|\_\  \___|  \___| | .__/   \___| |_|
2022-01-28 13:56:47,504 [myid:] - INFO  [main:ZookeeperBanner@42] -                                               | |                     
2022-01-28 13:56:47,504 [myid:] - INFO  [main:ZookeeperBanner@42] -                                               |_|                     
2022-01-28 13:56:47,505 [myid:] - INFO  [main:ZookeeperBanner@42] - 
2022-01-28 13:56:47,506 [myid:] - INFO  [main:Environment@98] - Server environment:zookeeper.version=3.6.3--6401e4ad2087061bc6b9f80dec2d69f2e3c8660a, built on 04/08/2021 16:35 GMT
2022-01-28 13:56:47,507 [myid:] - INFO  [main:Environment@98] - Server environment:host.name=localhost
2022-01-28 13:56:47,507 [myid:] - INFO  [main:Environment@98] - Server environment:java.version=1.8.0_271
2022-01-28 13:56:47,507 [myid:] - INFO  [main:Environment@98] - Server environment:java.vendor=Oracle Corporation
2022-01-28 13:56:47,507 [myid:] - INFO  [main:Environment@98] - Server environment:java.home=/Library/Java/JavaVirtualMachines/jdk1.8.0_271.jdk/Contents/Home/jre
2022-01-28 13:56:47,507 [myid:] - INFO  [main:Environment@98] - Server environment:java.class.path=/Users/siddharth.rawat/Personal/learning/apache-zookeeper-3.6.3-bin/bin/../zookeeper-server/target/classes:/Users/siddharth.rawat/Personal/learning/apache-zookeeper-3.6.3-bin/bin/../build/classes:/Users/siddharth.rawat/Personal/learning/apache-zookeeper-3.6.3-bin/bin/../zookeeper-server/target/lib/*.jar:/Users/siddharth.rawat/Personal/learning/apache-zookeeper-3.6.3-bin/bin/../build/lib/*.jar:/Users/siddharth.rawat/Personal/learning/apache-zookeeper-3.6.3-bin/bin/../lib/zookeeper-prometheus-metrics-3.6.3.jar:/Users/siddharth.rawat/Personal/learning/apache-zookeeper-3.6.3-bin/bin/../lib/zookeeper-jute-3.6.3.jar:/Users/siddharth.rawat/Personal/learning/apache-zookeeper-3.6.3-bin/bin/../lib/zookeeper-3.6.3.jar:/Users/siddharth.rawat/Personal/learning/apache-zookeeper-3.6.3-bin/bin/../lib/snappy-java-1.1.7.jar:/Users/siddharth.rawat/Personal/learning/apache-zookeeper-3.6.3-bin/bin/../lib/slf4j-log4j12-1.7.25.jar:/Users/siddharth.rawat/Personal/learning/apache-zookeeper-3.6.3-bin/bin/../lib/slf4j-api-1.7.25.jar:/Users/siddharth.rawat/Personal/learning/apache-zookeeper-3.6.3-bin/bin/../lib/simpleclient_servlet-0.6.0.jar:/Users/siddharth.rawat/Personal/learning/apache-zookeeper-3.6.3-bin/bin/../lib/simpleclient_hotspot-0.6.0.jar:/Users/siddharth.rawat/Personal/learning/apache-zookeeper-3.6.3-bin/bin/../lib/simpleclient_common-0.6.0.jar:/Users/siddharth.rawat/Personal/learning/apache-zookeeper-3.6.3-bin/bin/../lib/simpleclient-0.6.0.jar:/Users/siddharth.rawat/Personal/learning/apache-zookeeper-3.6.3-bin/bin/../lib/netty-transport-native-unix-common-4.1.63.Final.jar:/Users/siddharth.rawat/Personal/learning/apache-zookeeper-3.6.3-bin/bin/../lib/netty-transport-native-epoll-4.1.63.Final.jar:/Users/siddharth.rawat/Personal/learning/apache-zookeeper-3.6.3-bin/bin/../lib/netty-transport-4.1.63.Final.jar:/Users/siddharth.rawat/Personal/learning/apache-zookeeper-3.6.3-bin/bin/../lib/netty-resolver-4.1.63.Final.jar:/Users/siddharth.rawat/Personal/learning/apache-zookeeper-3.6.3-bin/bin/../lib/netty-handler-4.1.63.Final.jar:/Users/siddharth.rawat/Personal/learning/apache-zookeeper-3.6.3-bin/bin/../lib/netty-common-4.1.63.Final.jar:/Users/siddharth.rawat/Personal/learning/apache-zookeeper-3.6.3-bin/bin/../lib/netty-codec-4.1.63.Final.jar:/Users/siddharth.rawat/Personal/learning/apache-zookeeper-3.6.3-bin/bin/../lib/netty-buffer-4.1.63.Final.jar:/Users/siddharth.rawat/Personal/learning/apache-zookeeper-3.6.3-bin/bin/../lib/metrics-core-3.2.5.jar:/Users/siddharth.rawat/Personal/learning/apache-zookeeper-3.6.3-bin/bin/../lib/log4j-1.2.17.jar:/Users/siddharth.rawat/Personal/learning/apache-zookeeper-3.6.3-bin/bin/../lib/json-simple-1.1.1.jar:/Users/siddharth.rawat/Personal/learning/apache-zookeeper-3.6.3-bin/bin/../lib/jline-2.14.6.jar:/Users/siddharth.rawat/Personal/learning/apache-zookeeper-3.6.3-bin/bin/../lib/jetty-util-ajax-9.4.39.v20210325.jar:/Users/siddharth.rawat/Personal/learning/apache-zookeeper-3.6.3-bin/bin/../lib/jetty-util-9.4.39.v20210325.jar:/Users/siddharth.rawat/Personal/learning/apache-zookeeper-3.6.3-bin/bin/../lib/jetty-servlet-9.4.39.v20210325.jar:/Users/siddharth.rawat/Personal/learning/apache-zookeeper-3.6.3-bin/bin/../lib/jetty-server-9.4.39.v20210325.jar:/Users/siddharth.rawat/Personal/learning/apache-zookeeper-3.6.3-bin/bin/../lib/jetty-security-9.4.39.v20210325.jar:/Users/siddharth.rawat/Personal/learning/apache-zookeeper-3.6.3-bin/bin/../lib/jetty-io-9.4.39.v20210325.jar:/Users/siddharth.rawat/Personal/learning/apache-zookeeper-3.6.3-bin/bin/../lib/jetty-http-9.4.39.v20210325.jar:/Users/siddharth.rawat/Personal/learning/apache-zookeeper-3.6.3-bin/bin/../lib/javax.servlet-api-3.1.0.jar:/Users/siddharth.rawat/Personal/learning/apache-zookeeper-3.6.3-bin/bin/../lib/jackson-databind-2.10.5.1.jar:/Users/siddharth.rawat/Personal/learning/apache-zookeeper-3.6.3-bin/bin/../lib/jackson-core-2.10.5.jar:/Users/siddharth.rawat/Personal/learning/apache-zookeeper-3.6.3-bin/bin/../lib/jackson-annotations-2.10.5.jar:/Users/siddharth.rawat/Personal/learning/apache-zookeeper-3.6.3-bin/bin/../lib/commons-cli-1.2.jar:/Users/siddharth.rawat/Personal/learning/apache-zookeeper-3.6.3-bin/bin/../lib/audience-annotations-0.5.0.jar:/Users/siddharth.rawat/Personal/learning/apache-zookeeper-3.6.3-bin/bin/../zookeeper-*.jar:/Users/siddharth.rawat/Personal/learning/apache-zookeeper-3.6.3-bin/bin/../zookeeper-server/src/main/resources/lib/*.jar:/Users/siddharth.rawat/Personal/learning/apache-zookeeper-3.6.3-bin/bin/../conf:
2022-01-28 13:56:47,507 [myid:] - INFO  [main:Environment@98] - Server environment:java.library.path=/Users/siddharth.rawat/Library/Java/Extensions:/Library/Java/Extensions:/Network/Library/Java/Extensions:/System/Library/Java/Extensions:/usr/lib/java:.
2022-01-28 13:56:47,507 [myid:] - INFO  [main:Environment@98] - Server environment:java.io.tmpdir=/var/folders/zz/zyxvpxvq6csfxvn_n0000000000000/T/
2022-01-28 13:56:47,507 [myid:] - INFO  [main:Environment@98] - Server environment:java.compiler=<NA>
2022-01-28 13:56:47,507 [myid:] - INFO  [main:Environment@98] - Server environment:os.name=Mac OS X
2022-01-28 13:56:47,507 [myid:] - INFO  [main:Environment@98] - Server environment:os.arch=x86_64
2022-01-28 13:56:47,507 [myid:] - INFO  [main:Environment@98] - Server environment:os.version=10.15.6
2022-01-28 13:56:47,507 [myid:] - INFO  [main:Environment@98] - Server environment:user.name=root
2022-01-28 13:56:47,508 [myid:] - INFO  [main:Environment@98] - Server environment:user.home=/var/root
2022-01-28 13:56:47,508 [myid:] - INFO  [main:Environment@98] - Server environment:user.dir=/Users/siddharth.rawat/Personal/learning/apache-zookeeper-3.6.3-bin
2022-01-28 13:56:47,508 [myid:] - INFO  [main:Environment@98] - Server environment:os.memory.free=465MB
2022-01-28 13:56:47,508 [myid:] - INFO  [main:Environment@98] - Server environment:os.memory.max=889MB
2022-01-28 13:56:47,508 [myid:] - INFO  [main:Environment@98] - Server environment:os.memory.total=491MB
2022-01-28 13:56:47,508 [myid:] - INFO  [main:ZooKeeperServer@129] - zookeeper.enableEagerACLCheck = false
2022-01-28 13:56:47,508 [myid:] - INFO  [main:ZooKeeperServer@137] - zookeeper.digest.enabled = true
2022-01-28 13:56:47,508 [myid:] - INFO  [main:ZooKeeperServer@141] - zookeeper.closeSessionTxn.enabled = true
2022-01-28 13:56:47,508 [myid:] - INFO  [main:ZooKeeperServer@1461] - zookeeper.flushDelay=0
2022-01-28 13:56:47,508 [myid:] - INFO  [main:ZooKeeperServer@1470] - zookeeper.maxWriteQueuePollTime=0
2022-01-28 13:56:47,508 [myid:] - INFO  [main:ZooKeeperServer@1479] - zookeeper.maxBatchSize=1000
2022-01-28 13:56:47,508 [myid:] - INFO  [main:ZooKeeperServer@243] - zookeeper.intBufferStartingSizeBytes = 1024
2022-01-28 13:56:47,509 [myid:] - INFO  [main:BlueThrottle@141] - Weighed connection throttling is disabled
2022-01-28 13:56:47,510 [myid:] - INFO  [main:ZooKeeperServer@1273] - minSessionTimeout set to 4000
2022-01-28 13:56:47,510 [myid:] - INFO  [main:ZooKeeperServer@1282] - maxSessionTimeout set to 40000
2022-01-28 13:56:47,511 [myid:] - INFO  [main:ResponseCache@45] - Response cache size is initialized with value 400.
2022-01-28 13:56:47,511 [myid:] - INFO  [main:ResponseCache@45] - Response cache size is initialized with value 400.
2022-01-28 13:56:47,513 [myid:] - INFO  [main:RequestPathMetricsCollector@109] - zookeeper.pathStats.slotCapacity = 60
2022-01-28 13:56:47,513 [myid:] - INFO  [main:RequestPathMetricsCollector@110] - zookeeper.pathStats.slotDuration = 15
2022-01-28 13:56:47,513 [myid:] - INFO  [main:RequestPathMetricsCollector@111] - zookeeper.pathStats.maxDepth = 6
2022-01-28 13:56:47,513 [myid:] - INFO  [main:RequestPathMetricsCollector@112] - zookeeper.pathStats.initialDelay = 5
2022-01-28 13:56:47,513 [myid:] - INFO  [main:RequestPathMetricsCollector@113] - zookeeper.pathStats.delay = 5
2022-01-28 13:56:47,513 [myid:] - INFO  [main:RequestPathMetricsCollector@114] - zookeeper.pathStats.enabled = false
2022-01-28 13:56:47,516 [myid:] - INFO  [main:ZooKeeperServer@1498] - The max bytes for all large requests are set to 104857600
2022-01-28 13:56:47,516 [myid:] - INFO  [main:ZooKeeperServer@1512] - The large request threshold is set to -1
2022-01-28 13:56:47,516 [myid:] - INFO  [main:ZooKeeperServer@339] - Created server with tickTime 2000 minSessionTimeout 4000 maxSessionTimeout 40000 clientPortListenBacklog -1 datadir /tmp/zookeeper/version-2 snapdir /tmp/zookeeper/version-2
2022-01-28 13:56:47,545 [myid:] - INFO  [main:Log@169] - Logging initialized @552ms to org.eclipse.jetty.util.log.Slf4jLog
2022-01-28 13:56:47,616 [myid:] - WARN  [main:ContextHandler@1660] - o.e.j.s.ServletContextHandler@74650e52{/,null,STOPPED} contextPath ends with /*
2022-01-28 13:56:47,616 [myid:] - WARN  [main:ContextHandler@1671] - Empty contextPath
2022-01-28 13:56:47,630 [myid:] - INFO  [main:Server@375] - jetty-9.4.39.v20210325; built: 2021-03-25T14:42:11.471Z; git: 9fc7ca5a922f2a37b84ec9dbc26a5168cee7e667; jvm 1.8.0_271-b09
2022-01-28 13:56:47,659 [myid:] - INFO  [main:DefaultSessionIdManager@334] - DefaultSessionIdManager workerName=node0
2022-01-28 13:56:47,659 [myid:] - INFO  [main:DefaultSessionIdManager@339] - No SessionScavenger set, using defaults
2022-01-28 13:56:47,660 [myid:] - INFO  [main:HouseKeeper@132] - node0 Scavenging every 660000ms
2022-01-28 13:56:47,663 [myid:] - WARN  [main:ConstraintSecurityHandler@759] - ServletContext@o.e.j.s.ServletContextHandler@74650e52{/,null,STARTING} has uncovered http methods for path: /*
2022-01-28 13:56:47,672 [myid:] - INFO  [main:ContextHandler@916] - Started o.e.j.s.ServletContextHandler@74650e52{/,null,AVAILABLE}
2022-01-28 13:56:47,695 [myid:] - INFO  [main:AbstractConnector@331] - Started ServerConnector@78c03f1f{HTTP/1.1, (http/1.1)}{0.0.0.0:8080}
2022-01-28 13:56:47,695 [myid:] - INFO  [main:Server@415] - Started @702ms
2022-01-28 13:56:47,697 [myid:] - INFO  [main:JettyAdminServer@191] - Started AdminServer on address 0.0.0.0, port 8080 and command URL /commands
2022-01-28 13:56:47,714 [myid:] - INFO  [main:ServerCnxnFactory@169] - Using org.apache.zookeeper.server.NIOServerCnxnFactory as server connection factory
2022-01-28 13:56:47,716 [myid:] - WARN  [main:ServerCnxnFactory@309] - maxCnxns is not configured, using default value 0.
2022-01-28 13:56:47,717 [myid:] - INFO  [main:NIOServerCnxnFactory@666] - Configuring NIO connection handler with 10s sessionless connection timeout, 2 selector thread(s), 32 worker threads, and 64 kB direct buffers.
2022-01-28 13:56:47,719 [myid:] - INFO  [main:NIOServerCnxnFactory@674] - binding to port 0.0.0.0/0.0.0.0:2181
2022-01-28 13:56:47,737 [myid:] - INFO  [main:WatchManagerFactory@42] - Using org.apache.zookeeper.server.watch.WatchManager as watch manager
2022-01-28 13:56:47,738 [myid:] - INFO  [main:WatchManagerFactory@42] - Using org.apache.zookeeper.server.watch.WatchManager as watch manager
2022-01-28 13:56:47,738 [myid:] - INFO  [main:ZKDatabase@132] - zookeeper.snapshotSizeFactor = 0.33
2022-01-28 13:56:47,738 [myid:] - INFO  [main:ZKDatabase@152] - zookeeper.commitLogCount=500
2022-01-28 13:56:47,743 [myid:] - INFO  [main:SnapStream@61] - zookeeper.snapshot.compression.method = CHECKED
2022-01-28 13:56:47,745 [myid:] - INFO  [main:FileSnap@85] - Reading snapshot /tmp/zookeeper/version-2/snapshot.0
2022-01-28 13:56:47,748 [myid:] - INFO  [main:DataTree@1737] - The digest value is empty in snapshot
2022-01-28 13:56:47,751 [myid:] - INFO  [main:ZKDatabase@289] - Snapshot loaded in 13 ms, highest zxid is 0x0, digest is 1371985504
2022-01-28 13:56:47,751 [myid:] - INFO  [main:FileTxnSnapLog@470] - Snapshotting: 0x0 to /tmp/zookeeper/version-2/snapshot.0
2022-01-28 13:56:47,753 [myid:] - INFO  [main:ZooKeeperServer@529] - Snapshot taken in 2 ms
2022-01-28 13:56:47,762 [myid:] - INFO  [ProcessThread(sid:0 cport:2181)::PrepRequestProcessor@136] - PrepRequestProcessor (sid:0) started, reconfigEnabled=false
2022-01-28 13:56:47,762 [myid:] - INFO  [main:RequestThrottler@74] - zookeeper.request_throttler.shutdownTimeout = 10000
2022-01-28 13:56:47,775 [myid:] - INFO  [main:ContainerManager@83] - Using checkIntervalMs=60000 maxPerMinute=10000 maxNeverUsedIntervalMs=0
2022-01-28 13:56:47,775 [myid:] - INFO  [main:ZKAuditProvider@42] - ZooKeeper audit is disabled.
2022-01-28 14:03:22,276 [myid:] - WARN  [NIOWorkerThread-1:NIOServerCnxn@373] - Close of session 0x0
java.io.IOException: Len error 1195725856
	at org.apache.zookeeper.server.NIOServerCnxn.readLength(NIOServerCnxn.java:541)
	at org.apache.zookeeper.server.NIOServerCnxn.doIO(NIOServerCnxn.java:332)
	at org.apache.zookeeper.server.NIOServerCnxnFactory$IOWorkRequest.doWork(NIOServerCnxnFactory.java:522)
	at org.apache.zookeeper.server.WorkerService$ScheduledWorkRequest.run(WorkerService.java:154)
	at java.util.concurrent.ThreadPoolExecutor.runWorker(ThreadPoolExecutor.java:1149)
	at java.util.concurrent.ThreadPoolExecutor$Worker.run(ThreadPoolExecutor.java:624)
	at java.lang.Thread.run(Thread.java:748)
2022-01-28 14:03:22,279 [myid:] - WARN  [NIOWorkerThread-2:NIOServerCnxn@373] - Close of session 0x0
java.io.IOException: Len error 1195725856
	at org.apache.zookeeper.server.NIOServerCnxn.readLength(NIOServerCnxn.java:541)
	at org.apache.zookeeper.server.NIOServerCnxn.doIO(NIOServerCnxn.java:332)
	at org.apache.zookeeper.server.NIOServerCnxnFactory$IOWorkRequest.doWork(NIOServerCnxnFactory.java:522)
	at org.apache.zookeeper.server.WorkerService$ScheduledWorkRequest.run(WorkerService.java:154)
	at java.util.concurrent.ThreadPoolExecutor.runWorker(ThreadPoolExecutor.java:1149)
	at java.util.concurrent.ThreadPoolExecutor$Worker.run(ThreadPoolExecutor.java:624)
	at java.lang.Thread.run(Thread.java:748)
2022-01-28 14:03:22,281 [myid:] - WARN  [NIOWorkerThread-3:NIOServerCnxn@373] - Close of session 0x0
java.io.IOException: Len error 1195725856
	at org.apache.zookeeper.server.NIOServerCnxn.readLength(NIOServerCnxn.java:541)
	at org.apache.zookeeper.server.NIOServerCnxn.doIO(NIOServerCnxn.java:332)
	at org.apache.zookeeper.server.NIOServerCnxnFactory$IOWorkRequest.doWork(NIOServerCnxnFactory.java:522)
	at org.apache.zookeeper.server.WorkerService$ScheduledWorkRequest.run(WorkerService.java:154)
	at java.util.concurrent.ThreadPoolExecutor.runWorker(ThreadPoolExecutor.java:1149)
	at java.util.concurrent.ThreadPoolExecutor$Worker.run(ThreadPoolExecutor.java:624)
	at java.lang.Thread.run(Thread.java:748)
2022-01-28 14:03:23,365 [myid:] - WARN  [NIOWorkerThread-4:NIOServerCnxn@373] - Close of session 0x0
java.io.IOException: Len error 1195725856
	at org.apache.zookeeper.server.NIOServerCnxn.readLength(NIOServerCnxn.java:541)
	at org.apache.zookeeper.server.NIOServerCnxn.doIO(NIOServerCnxn.java:332)
	at org.apache.zookeeper.server.NIOServerCnxnFactory$IOWorkRequest.doWork(NIOServerCnxnFactory.java:522)
	at org.apache.zookeeper.server.WorkerService$ScheduledWorkRequest.run(WorkerService.java:154)
	at java.util.concurrent.ThreadPoolExecutor.runWorker(ThreadPoolExecutor.java:1149)
	at java.util.concurrent.ThreadPoolExecutor$Worker.run(ThreadPoolExecutor.java:624)
	at java.lang.Thread.run(Thread.java:748)
2022-01-28 14:03:23,366 [myid:] - WARN  [NIOWorkerThread-5:NIOServerCnxn@373] - Close of session 0x0
java.io.IOException: Len error 1195725856
	at org.apache.zookeeper.server.NIOServerCnxn.readLength(NIOServerCnxn.java:541)
	at org.apache.zookeeper.server.NIOServerCnxn.doIO(NIOServerCnxn.java:332)
	at org.apache.zookeeper.server.NIOServerCnxnFactory$IOWorkRequest.doWork(NIOServerCnxnFactory.java:522)
	at org.apache.zookeeper.server.WorkerService$ScheduledWorkRequest.run(WorkerService.java:154)
	at java.util.concurrent.ThreadPoolExecutor.runWorker(ThreadPoolExecutor.java:1149)
	at java.util.concurrent.ThreadPoolExecutor$Worker.run(ThreadPoolExecutor.java:624)
	at java.lang.Thread.run(Thread.java:748)
2022-01-28 14:03:23,367 [myid:] - WARN  [NIOWorkerThread-6:NIOServerCnxn@373] - Close of session 0x0
java.io.IOException: Len error 1195725856
	at org.apache.zookeeper.server.NIOServerCnxn.readLength(NIOServerCnxn.java:541)
	at org.apache.zookeeper.server.NIOServerCnxn.doIO(NIOServerCnxn.java:332)
	at org.apache.zookeeper.server.NIOServerCnxnFactory$IOWorkRequest.doWork(NIOServerCnxnFactory.java:522)
	at org.apache.zookeeper.server.WorkerService$ScheduledWorkRequest.run(WorkerService.java:154)
	at java.util.concurrent.ThreadPoolExecutor.runWorker(ThreadPoolExecutor.java:1149)
	at java.util.concurrent.ThreadPoolExecutor$Worker.run(ThreadPoolExecutor.java:624)
	at java.lang.Thread.run(Thread.java:748)
