2022-01-29 12:05:44,253 [myid:] - INFO  [main:QuorumPeerConfig@174] - Reading configuration from: /Users/siddharth.rawat/Personal/learning/zk-ensemble/installation/zk3/apache-zookeeper-3.6.3-bin/bin/../conf/zoo.cfg
2022-01-29 12:05:44,266 [myid:] - INFO  [main:QuorumPeerConfig@460] - clientPortAddress is 0.0.0.0:2183
2022-01-29 12:05:44,266 [myid:] - INFO  [main:QuorumPeerConfig@464] - secureClientPort is not set
2022-01-29 12:05:44,266 [myid:] - INFO  [main:QuorumPeerConfig@480] - observerMasterPort is not set
2022-01-29 12:05:44,267 [myid:] - INFO  [main:QuorumPeerConfig@497] - metricsProvider.className is org.apache.zookeeper.metrics.impl.DefaultMetricsProvider
2022-01-29 12:05:44,272 [myid:3] - INFO  [main:DatadirCleanupManager@78] - autopurge.snapRetainCount set to 3
2022-01-29 12:05:44,272 [myid:3] - INFO  [main:DatadirCleanupManager@79] - autopurge.purgeInterval set to 1
2022-01-29 12:05:44,272 [myid:3] - INFO  [PurgeTask:DatadirCleanupManager$PurgeTask@139] - Purge task started.
2022-01-29 12:05:44,274 [myid:3] - INFO  [main:ManagedUtil@44] - Log4j 1.2 jmx support found and enabled.
2022-01-29 12:05:44,274 [myid:3] - INFO  [PurgeTask:FileTxnSnapLog@124] - zookeeper.snapshot.trust.empty : false
2022-01-29 12:05:44,279 [myid:3] - INFO  [PurgeTask:SnapStream@61] - zookeeper.snapshot.compression.method = CHECKED
2022-01-29 12:05:44,280 [myid:3] - INFO  [main:QuorumPeerMain@151] - Starting quorum peer, myid=3
2022-01-29 12:05:44,281 [myid:3] - INFO  [PurgeTask:DatadirCleanupManager$PurgeTask@145] - Purge task completed.
2022-01-29 12:05:44,288 [myid:3] - INFO  [main:ServerMetrics@62] - ServerMetrics initialized with provider org.apache.zookeeper.metrics.impl.DefaultMetricsProvider@3b6eb2ec
2022-01-29 12:05:44,295 [myid:3] - INFO  [main:ServerCnxnFactory@169] - Using org.apache.zookeeper.server.NIOServerCnxnFactory as server connection factory
2022-01-29 12:05:44,295 [myid:3] - WARN  [main:ServerCnxnFactory@309] - maxCnxns is not configured, using default value 0.
2022-01-29 12:05:44,297 [myid:3] - INFO  [main:NIOServerCnxnFactory@666] - Configuring NIO connection handler with 10s sessionless connection timeout, 2 selector thread(s), 32 worker threads, and 64 kB direct buffers.
2022-01-29 12:05:44,304 [myid:3] - INFO  [main:NIOServerCnxnFactory@674] - binding to port 0.0.0.0/0.0.0.0:2183
2022-01-29 12:05:44,311 [myid:3] - INFO  [main:QuorumPeer@753] - zookeeper.quorumCnxnTimeoutMs=-1
2022-01-29 12:05:44,330 [myid:3] - INFO  [main:Log@169] - Logging initialized @329ms to org.eclipse.jetty.util.log.Slf4jLog
2022-01-29 12:05:44,380 [myid:3] - WARN  [main:ContextHandler@1660] - o.e.j.s.ServletContextHandler@4d41cee{/,null,STOPPED} contextPath ends with /*
2022-01-29 12:05:44,381 [myid:3] - WARN  [main:ContextHandler@1671] - Empty contextPath
2022-01-29 12:05:44,391 [myid:3] - INFO  [main:X509Util@77] - Setting -D jdk.tls.rejectClientInitiatedRenegotiation=true to disable client-initiated TLS renegotiation
2022-01-29 12:05:44,392 [myid:3] - INFO  [main:FileTxnSnapLog@124] - zookeeper.snapshot.trust.empty : false
2022-01-29 12:05:44,392 [myid:3] - INFO  [main:QuorumPeer@1692] - Local sessions disabled
2022-01-29 12:05:44,392 [myid:3] - INFO  [main:QuorumPeer@1703] - Local session upgrading disabled
2022-01-29 12:05:44,392 [myid:3] - INFO  [main:QuorumPeer@1670] - tickTime set to 2000
2022-01-29 12:05:44,392 [myid:3] - INFO  [main:QuorumPeer@1714] - minSessionTimeout set to 4000
2022-01-29 12:05:44,392 [myid:3] - INFO  [main:QuorumPeer@1725] - maxSessionTimeout set to 40000
2022-01-29 12:05:44,392 [myid:3] - INFO  [main:QuorumPeer@1750] - initLimit set to 5
2022-01-29 12:05:44,392 [myid:3] - INFO  [main:QuorumPeer@1937] - syncLimit set to 2
2022-01-29 12:05:44,392 [myid:3] - INFO  [main:QuorumPeer@1952] - connectToLearnerMasterLimit set to 0
2022-01-29 12:05:44,399 [myid:3] - INFO  [main:ZookeeperBanner@42] - 
2022-01-29 12:05:44,399 [myid:3] - INFO  [main:ZookeeperBanner@42] -   ______                  _                                          
2022-01-29 12:05:44,399 [myid:3] - INFO  [main:ZookeeperBanner@42] -  |___  /                 | |                                         
2022-01-29 12:05:44,399 [myid:3] - INFO  [main:ZookeeperBanner@42] -     / /    ___     ___   | | __   ___    ___   _ __     ___   _ __   
2022-01-29 12:05:44,399 [myid:3] - INFO  [main:ZookeeperBanner@42] -    / /    / _ \   / _ \  | |/ /  / _ \  / _ \ | '_ \   / _ \ | '__|
2022-01-29 12:05:44,400 [myid:3] - INFO  [main:ZookeeperBanner@42] -   / /__  | (_) | | (_) | |   <  |  __/ |  __/ | |_) | |  __/ | |    
2022-01-29 12:05:44,400 [myid:3] - INFO  [main:ZookeeperBanner@42] -  /_____|  \___/   \___/  |_|\_\  \___|  \___| | .__/   \___| |_|
2022-01-29 12:05:44,400 [myid:3] - INFO  [main:ZookeeperBanner@42] -                                               | |                     
2022-01-29 12:05:44,400 [myid:3] - INFO  [main:ZookeeperBanner@42] -                                               |_|                     
2022-01-29 12:05:44,400 [myid:3] - INFO  [main:ZookeeperBanner@42] - 
2022-01-29 12:05:44,401 [myid:3] - INFO  [main:Environment@98] - Server environment:zookeeper.version=3.6.3--6401e4ad2087061bc6b9f80dec2d69f2e3c8660a, built on 04/08/2021 16:35 GMT
2022-01-29 12:05:44,401 [myid:3] - INFO  [main:Environment@98] - Server environment:host.name=localhost
2022-01-29 12:05:44,401 [myid:3] - INFO  [main:Environment@98] - Server environment:java.version=1.8.0_271
2022-01-29 12:05:44,401 [myid:3] - INFO  [main:Environment@98] - Server environment:java.vendor=Oracle Corporation
2022-01-29 12:05:44,402 [myid:3] - INFO  [main:Environment@98] - Server environment:java.home=/Library/Java/JavaVirtualMachines/jdk1.8.0_271.jdk/Contents/Home/jre
2022-01-29 12:05:44,402 [myid:3] - INFO  [main:Environment@98] - Server environment:java.class.path=/Users/siddharth.rawat/Personal/learning/zk-ensemble/installation/zk3/apache-zookeeper-3.6.3-bin/bin/../zookeeper-server/target/classes:/Users/siddharth.rawat/Personal/learning/zk-ensemble/installation/zk3/apache-zookeeper-3.6.3-bin/bin/../build/classes:/Users/siddharth.rawat/Personal/learning/zk-ensemble/installation/zk3/apache-zookeeper-3.6.3-bin/bin/../zookeeper-server/target/lib/*.jar:/Users/siddharth.rawat/Personal/learning/zk-ensemble/installation/zk3/apache-zookeeper-3.6.3-bin/bin/../build/lib/*.jar:/Users/siddharth.rawat/Personal/learning/zk-ensemble/installation/zk3/apache-zookeeper-3.6.3-bin/bin/../lib/zookeeper-prometheus-metrics-3.6.3.jar:/Users/siddharth.rawat/Personal/learning/zk-ensemble/installation/zk3/apache-zookeeper-3.6.3-bin/bin/../lib/zookeeper-jute-3.6.3.jar:/Users/siddharth.rawat/Personal/learning/zk-ensemble/installation/zk3/apache-zookeeper-3.6.3-bin/bin/../lib/zookeeper-3.6.3.jar:/Users/siddharth.rawat/Personal/learning/zk-ensemble/installation/zk3/apache-zookeeper-3.6.3-bin/bin/../lib/snappy-java-1.1.7.jar:/Users/siddharth.rawat/Personal/learning/zk-ensemble/installation/zk3/apache-zookeeper-3.6.3-bin/bin/../lib/slf4j-log4j12-1.7.25.jar:/Users/siddharth.rawat/Personal/learning/zk-ensemble/installation/zk3/apache-zookeeper-3.6.3-bin/bin/../lib/slf4j-api-1.7.25.jar:/Users/siddharth.rawat/Personal/learning/zk-ensemble/installation/zk3/apache-zookeeper-3.6.3-bin/bin/../lib/simpleclient_servlet-0.6.0.jar:/Users/siddharth.rawat/Personal/learning/zk-ensemble/installation/zk3/apache-zookeeper-3.6.3-bin/bin/../lib/simpleclient_hotspot-0.6.0.jar:/Users/siddharth.rawat/Personal/learning/zk-ensemble/installation/zk3/apache-zookeeper-3.6.3-bin/bin/../lib/simpleclient_common-0.6.0.jar:/Users/siddharth.rawat/Personal/learning/zk-ensemble/installation/zk3/apache-zookeeper-3.6.3-bin/bin/../lib/simpleclient-0.6.0.jar:/Users/siddharth.rawat/Personal/learning/zk-ensemble/installation/zk3/apache-zookeeper-3.6.3-bin/bin/../lib/netty-transport-native-unix-common-4.1.63.Final.jar:/Users/siddharth.rawat/Personal/learning/zk-ensemble/installation/zk3/apache-zookeeper-3.6.3-bin/bin/../lib/netty-transport-native-epoll-4.1.63.Final.jar:/Users/siddharth.rawat/Personal/learning/zk-ensemble/installation/zk3/apache-zookeeper-3.6.3-bin/bin/../lib/netty-transport-4.1.63.Final.jar:/Users/siddharth.rawat/Personal/learning/zk-ensemble/installation/zk3/apache-zookeeper-3.6.3-bin/bin/../lib/netty-resolver-4.1.63.Final.jar:/Users/siddharth.rawat/Personal/learning/zk-ensemble/installation/zk3/apache-zookeeper-3.6.3-bin/bin/../lib/netty-handler-4.1.63.Final.jar:/Users/siddharth.rawat/Personal/learning/zk-ensemble/installation/zk3/apache-zookeeper-3.6.3-bin/bin/../lib/netty-common-4.1.63.Final.jar:/Users/siddharth.rawat/Personal/learning/zk-ensemble/installation/zk3/apache-zookeeper-3.6.3-bin/bin/../lib/netty-codec-4.1.63.Final.jar:/Users/siddharth.rawat/Personal/learning/zk-ensemble/installation/zk3/apache-zookeeper-3.6.3-bin/bin/../lib/netty-buffer-4.1.63.Final.jar:/Users/siddharth.rawat/Personal/learning/zk-ensemble/installation/zk3/apache-zookeeper-3.6.3-bin/bin/../lib/metrics-core-3.2.5.jar:/Users/siddharth.rawat/Personal/learning/zk-ensemble/installation/zk3/apache-zookeeper-3.6.3-bin/bin/../lib/log4j-1.2.17.jar:/Users/siddharth.rawat/Personal/learning/zk-ensemble/installation/zk3/apache-zookeeper-3.6.3-bin/bin/../lib/json-simple-1.1.1.jar:/Users/siddharth.rawat/Personal/learning/zk-ensemble/installation/zk3/apache-zookeeper-3.6.3-bin/bin/../lib/jline-2.14.6.jar:/Users/siddharth.rawat/Personal/learning/zk-ensemble/installation/zk3/apache-zookeeper-3.6.3-bin/bin/../lib/jetty-util-ajax-9.4.39.v20210325.jar:/Users/siddharth.rawat/Personal/learning/zk-ensemble/installation/zk3/apache-zookeeper-3.6.3-bin/bin/../lib/jetty-util-9.4.39.v20210325.jar:/Users/siddharth.rawat/Personal/learning/zk-ensemble/installation/zk3/apache-zookeeper-3.6.3-bin/bin/../lib/jetty-servlet-9.4.39.v20210325.jar:/Users/siddharth.rawat/Personal/learning/zk-ensemble/installation/zk3/apache-zookeeper-3.6.3-bin/bin/../lib/jetty-server-9.4.39.v20210325.jar:/Users/siddharth.rawat/Personal/learning/zk-ensemble/installation/zk3/apache-zookeeper-3.6.3-bin/bin/../lib/jetty-security-9.4.39.v20210325.jar:/Users/siddharth.rawat/Personal/learning/zk-ensemble/installation/zk3/apache-zookeeper-3.6.3-bin/bin/../lib/jetty-io-9.4.39.v20210325.jar:/Users/siddharth.rawat/Personal/learning/zk-ensemble/installation/zk3/apache-zookeeper-3.6.3-bin/bin/../lib/jetty-http-9.4.39.v20210325.jar:/Users/siddharth.rawat/Personal/learning/zk-ensemble/installation/zk3/apache-zookeeper-3.6.3-bin/bin/../lib/javax.servlet-api-3.1.0.jar:/Users/siddharth.rawat/Personal/learning/zk-ensemble/installation/zk3/apache-zookeeper-3.6.3-bin/bin/../lib/jackson-databind-2.10.5.1.jar:/Users/siddharth.rawat/Personal/learning/zk-ensemble/installation/zk3/apache-zookeeper-3.6.3-bin/bin/../lib/jackson-core-2.10.5.jar:/Users/siddharth.rawat/Personal/learning/zk-ensemble/installation/zk3/apache-zookeeper-3.6.3-bin/bin/../lib/jackson-annotations-2.10.5.jar:/Users/siddharth.rawat/Personal/learning/zk-ensemble/installation/zk3/apache-zookeeper-3.6.3-bin/bin/../lib/commons-cli-1.2.jar:/Users/siddharth.rawat/Personal/learning/zk-ensemble/installation/zk3/apache-zookeeper-3.6.3-bin/bin/../lib/audience-annotations-0.5.0.jar:/Users/siddharth.rawat/Personal/learning/zk-ensemble/installation/zk3/apache-zookeeper-3.6.3-bin/bin/../zookeeper-*.jar:/Users/siddharth.rawat/Personal/learning/zk-ensemble/installation/zk3/apache-zookeeper-3.6.3-bin/bin/../zookeeper-server/src/main/resources/lib/*.jar:/Users/siddharth.rawat/Personal/learning/zk-ensemble/installation/zk3/apache-zookeeper-3.6.3-bin/bin/../conf:
2022-01-29 12:05:44,402 [myid:3] - INFO  [main:Environment@98] - Server environment:java.library.path=/Users/siddharth.rawat/Library/Java/Extensions:/Library/Java/Extensions:/Network/Library/Java/Extensions:/System/Library/Java/Extensions:/usr/lib/java:.
2022-01-29 12:05:44,402 [myid:3] - INFO  [main:Environment@98] - Server environment:java.io.tmpdir=/var/folders/t1/4n64cnbn3l11bk0b8qpphghj84kmrj/T/
2022-01-29 12:05:44,402 [myid:3] - INFO  [main:Environment@98] - Server environment:java.compiler=<NA>
2022-01-29 12:05:44,402 [myid:3] - INFO  [main:Environment@98] - Server environment:os.name=Mac OS X
2022-01-29 12:05:44,402 [myid:3] - INFO  [main:Environment@98] - Server environment:os.arch=x86_64
2022-01-29 12:05:44,402 [myid:3] - INFO  [main:Environment@98] - Server environment:os.version=10.15.6
2022-01-29 12:05:44,402 [myid:3] - INFO  [main:Environment@98] - Server environment:user.name=siddharth.rawat
2022-01-29 12:05:44,402 [myid:3] - INFO  [main:Environment@98] - Server environment:user.home=/Users/siddharth.rawat
2022-01-29 12:05:44,402 [myid:3] - INFO  [main:Environment@98] - Server environment:user.dir=/Users/siddharth.rawat/Personal/learning/zk-ensemble/installation/zk3/apache-zookeeper-3.6.3-bin/bin
2022-01-29 12:05:44,402 [myid:3] - INFO  [main:Environment@98] - Server environment:os.memory.free=452MB
2022-01-29 12:05:44,402 [myid:3] - INFO  [main:Environment@98] - Server environment:os.memory.max=889MB
2022-01-29 12:05:44,402 [myid:3] - INFO  [main:Environment@98] - Server environment:os.memory.total=491MB
2022-01-29 12:05:44,402 [myid:3] - INFO  [main:ZooKeeperServer@129] - zookeeper.enableEagerACLCheck = false
2022-01-29 12:05:44,403 [myid:3] - INFO  [main:ZooKeeperServer@137] - zookeeper.digest.enabled = true
2022-01-29 12:05:44,403 [myid:3] - INFO  [main:ZooKeeperServer@141] - zookeeper.closeSessionTxn.enabled = true
2022-01-29 12:05:44,403 [myid:3] - INFO  [main:ZooKeeperServer@1461] - zookeeper.flushDelay=0
2022-01-29 12:05:44,403 [myid:3] - INFO  [main:ZooKeeperServer@1470] - zookeeper.maxWriteQueuePollTime=0
2022-01-29 12:05:44,404 [myid:3] - INFO  [main:ZooKeeperServer@1479] - zookeeper.maxBatchSize=1000
2022-01-29 12:05:44,404 [myid:3] - INFO  [main:ZooKeeperServer@243] - zookeeper.intBufferStartingSizeBytes = 1024
2022-01-29 12:05:44,407 [myid:3] - INFO  [main:WatchManagerFactory@42] - Using org.apache.zookeeper.server.watch.WatchManager as watch manager
2022-01-29 12:05:44,407 [myid:3] - INFO  [main:WatchManagerFactory@42] - Using org.apache.zookeeper.server.watch.WatchManager as watch manager
2022-01-29 12:05:44,407 [myid:3] - INFO  [main:ZKDatabase@132] - zookeeper.snapshotSizeFactor = 0.33
2022-01-29 12:05:44,408 [myid:3] - INFO  [main:ZKDatabase@152] - zookeeper.commitLogCount=500
2022-01-29 12:05:44,416 [myid:3] - INFO  [main:QuorumPeer@2018] - Using insecure (non-TLS) quorum communication
2022-01-29 12:05:44,416 [myid:3] - INFO  [main:QuorumPeer@2024] - Port unification disabled
2022-01-29 12:05:44,417 [myid:3] - INFO  [main:QuorumPeer@175] - multiAddress.enabled set to false
2022-01-29 12:05:44,417 [myid:3] - INFO  [main:QuorumPeer@200] - multiAddress.reachabilityCheckEnabled set to true
2022-01-29 12:05:44,417 [myid:3] - INFO  [main:QuorumPeer@187] - multiAddress.reachabilityCheckTimeoutMs set to 1000
2022-01-29 12:05:44,417 [myid:3] - INFO  [main:QuorumPeer@2479] - QuorumPeer communication is not secured! (SASL auth disabled)
2022-01-29 12:05:44,417 [myid:3] - INFO  [main:QuorumPeer@2504] - quorum.cnxn.threads.size set to 20
2022-01-29 12:05:44,417 [myid:3] - INFO  [main:FileSnap@85] - Reading snapshot /Users/siddharth.rawat/Personal/learning/zk-ensemble/data/zk3/version-2/snapshot.5000000db
2022-01-29 12:05:44,424 [myid:3] - INFO  [main:DataTree@1730] - The digest in the snapshot has digest version of 2, , with zxid as 0x5000000db, and digest value as 147832405407
2022-01-29 12:05:44,435 [myid:3] - INFO  [main:ZKAuditProvider@42] - ZooKeeper audit is disabled.
2022-01-29 12:05:44,435 [myid:3] - INFO  [main:FileTxnSnapLog@363] - 3 txns loaded in 3 ms
2022-01-29 12:05:44,435 [myid:3] - INFO  [main:ZKDatabase@289] - Snapshot loaded in 18 ms, highest zxid is 0x700000003, digest is 146905285381
2022-01-29 12:05:44,438 [myid:3] - INFO  [main:Server@375] - jetty-9.4.39.v20210325; built: 2021-03-25T14:42:11.471Z; git: 9fc7ca5a922f2a37b84ec9dbc26a5168cee7e667; jvm 1.8.0_271-b09
2022-01-29 12:05:44,457 [myid:3] - INFO  [main:DefaultSessionIdManager@334] - DefaultSessionIdManager workerName=node0
2022-01-29 12:05:44,457 [myid:3] - INFO  [main:DefaultSessionIdManager@339] - No SessionScavenger set, using defaults
2022-01-29 12:05:44,458 [myid:3] - INFO  [main:HouseKeeper@132] - node0 Scavenging every 660000ms
2022-01-29 12:05:44,460 [myid:3] - WARN  [main:ConstraintSecurityHandler@759] - ServletContext@o.e.j.s.ServletContextHandler@4d41cee{/,null,STARTING} has uncovered http methods for path: /*
2022-01-29 12:05:44,465 [myid:3] - INFO  [main:ContextHandler@916] - Started o.e.j.s.ServletContextHandler@4d41cee{/,null,AVAILABLE}
2022-01-29 12:05:44,467 [myid:3] - WARN  [main:QuorumPeer@1084] - Problem starting AdminServer
org.apache.zookeeper.server.admin.AdminServer$AdminServerException: Problem starting AdminServer on address 0.0.0.0, port 8080 and command URL /commands
	at org.apache.zookeeper.server.admin.JettyAdminServer.start(JettyAdminServer.java:189)
	at org.apache.zookeeper.server.quorum.QuorumPeer.start(QuorumPeer.java:1082)
	at org.apache.zookeeper.server.quorum.QuorumPeerMain.runFromConfig(QuorumPeerMain.java:227)
	at org.apache.zookeeper.server.quorum.QuorumPeerMain.initializeAndRun(QuorumPeerMain.java:136)
	at org.apache.zookeeper.server.quorum.QuorumPeerMain.main(QuorumPeerMain.java:90)
Caused by: java.io.IOException: Failed to bind to /0.0.0.0:8080
	at org.eclipse.jetty.server.ServerConnector.openAcceptChannel(ServerConnector.java:349)
	at org.eclipse.jetty.server.ServerConnector.open(ServerConnector.java:310)
	at org.eclipse.jetty.server.AbstractNetworkConnector.doStart(AbstractNetworkConnector.java:80)
	at org.eclipse.jetty.server.ServerConnector.doStart(ServerConnector.java:234)
	at org.eclipse.jetty.util.component.AbstractLifeCycle.start(AbstractLifeCycle.java:73)
	at org.eclipse.jetty.server.Server.doStart(Server.java:401)
	at org.eclipse.jetty.util.component.AbstractLifeCycle.start(AbstractLifeCycle.java:73)
	at org.apache.zookeeper.server.admin.JettyAdminServer.start(JettyAdminServer.java:180)
	... 4 more
Caused by: java.net.BindException: Address already in use
	at sun.nio.ch.Net.bind0(Native Method)
	at sun.nio.ch.Net.bind(Net.java:444)
	at sun.nio.ch.Net.bind(Net.java:436)
	at sun.nio.ch.ServerSocketChannelImpl.bind(ServerSocketChannelImpl.java:225)
	at sun.nio.ch.ServerSocketAdaptor.bind(ServerSocketAdaptor.java:74)
	at org.eclipse.jetty.server.ServerConnector.openAcceptChannel(ServerConnector.java:344)
	... 11 more
org.apache.zookeeper.server.admin.AdminServer$AdminServerException: Problem starting AdminServer on address 0.0.0.0, port 8080 and command URL /commands
2022-01-29 12:05:44,469 [myid:3] - INFO  [main:QuorumPeer@2521] - Using 4000ms as the quorum cnxn socket timeout
2022-01-29 12:05:44,472 [myid:3] - INFO  [main:QuorumCnxManager$Listener@923] - Election port bind maximum retries is 3
2022-01-29 12:05:44,473 [myid:3] - INFO  [main:FastLeaderElection@88] - zookeeper.fastleader.minNotificationInterval=200
2022-01-29 12:05:44,473 [myid:3] - INFO  [main:FastLeaderElection@90] - zookeeper.fastleader.maxNotificationInterval=60000
2022-01-29 12:05:44,476 [myid:3] - INFO  [ListenerHandler-localhost/127.0.0.1:3890:QuorumCnxManager$Listener$ListenerHandler@1065] - 3 is accepting connections now, my election bind port: localhost/127.0.0.1:3890
2022-01-29 12:05:44,478 [myid:3] - INFO  [QuorumPeer[myid=3](plain=[0:0:0:0:0:0:0:0]:2183)(secure=disabled):QuorumPeer@1383] - LOOKING
2022-01-29 12:05:44,478 [myid:3] - INFO  [QuorumPeer[myid=3](plain=[0:0:0:0:0:0:0:0]:2183)(secure=disabled):FastLeaderElection@944] - New election. My id = 3, proposed zxid=0x700000003
2022-01-29 12:05:44,483 [myid:3] - INFO  [WorkerReceiver[myid=3]:FastLeaderElection$Messenger$WorkerReceiver@389] - Notification: my state:LOOKING; n.sid:3, n.state:LOOKING, n.leader:3, n.round:0x1, n.peerEpoch:0x7, n.zxid:0x700000003, message format version:0x2, n.config version:0x0
2022-01-29 12:05:44,487 [myid:3] - INFO  [WorkerReceiver[myid=3]:FastLeaderElection$Messenger$WorkerReceiver@389] - Notification: my state:LOOKING; n.sid:2, n.state:LOOKING, n.leader:2, n.round:0x1, n.peerEpoch:0x7, n.zxid:0x700000003, message format version:0x2, n.config version:0x0
2022-01-29 12:05:44,488 [myid:3] - INFO  [WorkerReceiver[myid=3]:FastLeaderElection$Messenger$WorkerReceiver@389] - Notification: my state:LOOKING; n.sid:1, n.state:LOOKING, n.leader:2, n.round:0x1, n.peerEpoch:0x7, n.zxid:0x700000003, message format version:0x2, n.config version:0x0
2022-01-29 12:05:44,488 [myid:3] - INFO  [WorkerReceiver[myid=3]:FastLeaderElection$Messenger$WorkerReceiver@389] - Notification: my state:LOOKING; n.sid:1, n.state:FOLLOWING, n.leader:2, n.round:0x1, n.peerEpoch:0x8, n.zxid:0x700000003, message format version:0x2, n.config version:0x0
2022-01-29 12:05:44,488 [myid:3] - INFO  [WorkerReceiver[myid=3]:FastLeaderElection$Messenger$WorkerReceiver@389] - Notification: my state:LOOKING; n.sid:2, n.state:LEADING, n.leader:2, n.round:0x1, n.peerEpoch:0x8, n.zxid:0x700000003, message format version:0x2, n.config version:0x0
2022-01-29 12:05:44,489 [myid:3] - INFO  [QuorumPeer[myid=3](plain=[0:0:0:0:0:0:0:0]:2183)(secure=disabled):QuorumPeer@858] - Peer state changed: following
2022-01-29 12:05:44,489 [myid:3] - INFO  [QuorumPeer[myid=3](plain=[0:0:0:0:0:0:0:0]:2183)(secure=disabled):QuorumPeer@1465] - FOLLOWING
2022-01-29 12:05:44,491 [myid:3] - INFO  [QuorumPeer[myid=3](plain=[0:0:0:0:0:0:0:0]:2183)(secure=disabled):Learner@122] - leaderConnectDelayDuringRetryMs: 100
2022-01-29 12:05:44,491 [myid:3] - INFO  [QuorumPeer[myid=3](plain=[0:0:0:0:0:0:0:0]:2183)(secure=disabled):Learner@123] - TCP NoDelay set to: true
2022-01-29 12:05:44,491 [myid:3] - INFO  [QuorumPeer[myid=3](plain=[0:0:0:0:0:0:0:0]:2183)(secure=disabled):Learner@124] - zookeeper.learner.asyncSending = false
2022-01-29 12:05:44,492 [myid:3] - INFO  [QuorumPeer[myid=3](plain=[0:0:0:0:0:0:0:0]:2183)(secure=disabled):BlueThrottle@141] - Weighed connection throttling is disabled
2022-01-29 12:05:44,493 [myid:3] - INFO  [QuorumPeer[myid=3](plain=[0:0:0:0:0:0:0:0]:2183)(secure=disabled):ZooKeeperServer@1273] - minSessionTimeout set to 4000
2022-01-29 12:05:44,493 [myid:3] - INFO  [QuorumPeer[myid=3](plain=[0:0:0:0:0:0:0:0]:2183)(secure=disabled):ZooKeeperServer@1282] - maxSessionTimeout set to 40000
2022-01-29 12:05:44,494 [myid:3] - INFO  [QuorumPeer[myid=3](plain=[0:0:0:0:0:0:0:0]:2183)(secure=disabled):ResponseCache@45] - Response cache size is initialized with value 400.
2022-01-29 12:05:44,494 [myid:3] - INFO  [QuorumPeer[myid=3](plain=[0:0:0:0:0:0:0:0]:2183)(secure=disabled):ResponseCache@45] - Response cache size is initialized with value 400.
2022-01-29 12:05:44,494 [myid:3] - INFO  [QuorumPeer[myid=3](plain=[0:0:0:0:0:0:0:0]:2183)(secure=disabled):RequestPathMetricsCollector@109] - zookeeper.pathStats.slotCapacity = 60
2022-01-29 12:05:44,494 [myid:3] - INFO  [QuorumPeer[myid=3](plain=[0:0:0:0:0:0:0:0]:2183)(secure=disabled):RequestPathMetricsCollector@110] - zookeeper.pathStats.slotDuration = 15
2022-01-29 12:05:44,494 [myid:3] - INFO  [QuorumPeer[myid=3](plain=[0:0:0:0:0:0:0:0]:2183)(secure=disabled):RequestPathMetricsCollector@111] - zookeeper.pathStats.maxDepth = 6
2022-01-29 12:05:44,494 [myid:3] - INFO  [QuorumPeer[myid=3](plain=[0:0:0:0:0:0:0:0]:2183)(secure=disabled):RequestPathMetricsCollector@112] - zookeeper.pathStats.initialDelay = 5
2022-01-29 12:05:44,494 [myid:3] - INFO  [QuorumPeer[myid=3](plain=[0:0:0:0:0:0:0:0]:2183)(secure=disabled):RequestPathMetricsCollector@113] - zookeeper.pathStats.delay = 5
2022-01-29 12:05:44,495 [myid:3] - INFO  [QuorumPeer[myid=3](plain=[0:0:0:0:0:0:0:0]:2183)(secure=disabled):RequestPathMetricsCollector@114] - zookeeper.pathStats.enabled = false
2022-01-29 12:05:44,495 [myid:3] - INFO  [QuorumPeer[myid=3](plain=[0:0:0:0:0:0:0:0]:2183)(secure=disabled):ZooKeeperServer@1498] - The max bytes for all large requests are set to 104857600
2022-01-29 12:05:44,495 [myid:3] - INFO  [QuorumPeer[myid=3](plain=[0:0:0:0:0:0:0:0]:2183)(secure=disabled):ZooKeeperServer@1512] - The large request threshold is set to -1
2022-01-29 12:05:44,495 [myid:3] - INFO  [QuorumPeer[myid=3](plain=[0:0:0:0:0:0:0:0]:2183)(secure=disabled):ZooKeeperServer@339] - Created server with tickTime 2000 minSessionTimeout 4000 maxSessionTimeout 40000 clientPortListenBacklog -1 datadir /Users/siddharth.rawat/Personal/learning/zk-ensemble/data/zk3/version-2 snapdir /Users/siddharth.rawat/Personal/learning/zk-ensemble/data/zk3/version-2
2022-01-29 12:05:44,496 [myid:3] - INFO  [QuorumPeer[myid=3](plain=[0:0:0:0:0:0:0:0]:2183)(secure=disabled):Follower@75] - FOLLOWING - LEADER ELECTION TOOK - 18 MS
2022-01-29 12:05:44,498 [myid:3] - INFO  [QuorumPeer[myid=3](plain=[0:0:0:0:0:0:0:0]:2183)(secure=disabled):QuorumPeer@864] - Peer state changed: following - discovery
2022-01-29 12:05:44,499 [myid:3] - INFO  [LeaderConnector-localhost/127.0.0.1:2889:Learner$LeaderConnector@370] - Successfully connected to leader, using address: localhost/127.0.0.1:2889
2022-01-29 12:05:44,502 [myid:3] - INFO  [QuorumPeer[myid=3](plain=[0:0:0:0:0:0:0:0]:2183)(secure=disabled):QuorumPeer@864] - Peer state changed: following - synchronization
2022-01-29 12:05:44,503 [myid:3] - INFO  [QuorumPeer[myid=3](plain=[0:0:0:0:0:0:0:0]:2183)(secure=disabled):Learner@551] - Getting a diff from the leader 0x700000003
2022-01-29 12:05:44,503 [myid:3] - INFO  [QuorumPeer[myid=3](plain=[0:0:0:0:0:0:0:0]:2183)(secure=disabled):QuorumPeer@869] - Peer state changed: following - synchronization - diff
2022-01-29 12:05:44,505 [myid:3] - INFO  [QuorumPeer[myid=3](plain=[0:0:0:0:0:0:0:0]:2183)(secure=disabled):Learner@717] - Learner received NEWLEADER message
2022-01-29 12:05:44,505 [myid:3] - INFO  [QuorumPeer[myid=3](plain=[0:0:0:0:0:0:0:0]:2183)(secure=disabled):QuorumPeer@1820] - Dynamic reconfig is disabled, we don't store the last seen config.
2022-01-29 12:05:44,505 [myid:3] - INFO  [QuorumPeer[myid=3](plain=[0:0:0:0:0:0:0:0]:2183)(secure=disabled):QuorumPeer@869] - Peer state changed: following - synchronization
2022-01-29 12:05:44,508 [myid:3] - INFO  [QuorumPeer[myid=3](plain=[0:0:0:0:0:0:0:0]:2183)(secure=disabled):CommitProcessor@476] - Configuring CommitProcessor with readBatchSize -1 commitBatchSize 1
2022-01-29 12:05:44,508 [myid:3] - INFO  [QuorumPeer[myid=3](plain=[0:0:0:0:0:0:0:0]:2183)(secure=disabled):CommitProcessor@438] - Configuring CommitProcessor with 16 worker threads.
2022-01-29 12:05:44,510 [myid:3] - INFO  [QuorumPeer[myid=3](plain=[0:0:0:0:0:0:0:0]:2183)(secure=disabled):RequestThrottler@74] - zookeeper.request_throttler.shutdownTimeout = 10000
2022-01-29 12:05:44,519 [myid:3] - INFO  [QuorumPeer[myid=3](plain=[0:0:0:0:0:0:0:0]:2183)(secure=disabled):Learner@701] - Learner received UPTODATE message
2022-01-29 12:05:44,519 [myid:3] - INFO  [QuorumPeer[myid=3](plain=[0:0:0:0:0:0:0:0]:2183)(secure=disabled):QuorumPeer@864] - Peer state changed: following - broadcast
2022-01-29 12:05:51,983 [myid:3] - WARN  [QuorumPeer[myid=3](plain=[0:0:0:0:0:0:0:0]:2183)(secure=disabled):Follower@170] - Got zxid 0x800000001 expected 0x1
2022-01-29 12:05:51,983 [myid:3] - INFO  [SyncThread:3:FileTxnLog@284] - Creating new log file: log.800000001
2022-01-29 12:05:51,985 [myid:3] - INFO  [CommitProcessor:3:LearnerSessionTracker@116] - Committing global session 0x20002f5c3af0000
2022-01-29 12:05:52,821 [myid:3] - INFO  [CommitProcessor:3:LearnerSessionTracker@116] - Committing global session 0x30002f5c7fe0000
2022-01-29 12:06:44,294 [myid:3] - INFO  [RequestThrottler:QuorumZooKeeperServer@159] - Submitting global closeSession request for session 0x30002f5c7fe0000
2022-01-29 12:06:58,632 [myid:3] - INFO  [CommitProcessor:3:LearnerSessionTracker@116] - Committing global session 0x20002f5c3af0001
2022-01-29 12:06:59,463 [myid:3] - INFO  [CommitProcessor:3:LearnerSessionTracker@116] - Committing global session 0x10002f5c39d0000
2022-01-29 12:13:36,782 [myid:3] - INFO  [NIOWorkerThread-6:FourLetterCommands@223] - The list of known four letter word commands is : [{1936881266=srvr, 1937006964=stat, 2003003491=wchc, 1685417328=dump, 1668445044=crst, 1936880500=srst, 1701738089=envi, 1668247142=conf, -720899=telnet close, 1751217000=hash, 2003003507=wchs, 2003003504=wchp, 1684632179=dirs, 1668247155=cons, 1835955314=mntr, 1769173615=isro, 1920298859=ruok, 1735683435=gtmk, 1937010027=stmk}]
2022-01-29 12:13:36,783 [myid:3] - INFO  [NIOWorkerThread-6:FourLetterCommands@224] - The list of enabled four letter word commands is : [[conf, ruok, mntr, srvr]]
2022-01-29 12:13:36,783 [myid:3] - INFO  [NIOWorkerThread-6:NIOServerCnxn@507] - Processing srvr command from /127.0.0.1:50296
2022-01-29 12:51:26,023 [myid:3] - INFO  [CommitProcessor:3:LearnerSessionTracker@116] - Committing global session 0x20002f5c3af0002
2022-01-29 12:51:26,831 [myid:3] - INFO  [CommitProcessor:3:LearnerSessionTracker@116] - Committing global session 0x20002f5c3af0003
2022-01-29 12:52:22,988 [myid:3] - INFO  [CommitProcessor:3:LearnerSessionTracker@116] - Committing global session 0x20002f5c3af0004
2022-01-29 13:05:44,285 [myid:3] - INFO  [PurgeTask:DatadirCleanupManager$PurgeTask@139] - Purge task started.
2022-01-29 13:05:44,286 [myid:3] - INFO  [PurgeTask:FileTxnSnapLog@124] - zookeeper.snapshot.trust.empty : false
2022-01-29 13:05:44,286 [myid:3] - INFO  [PurgeTask:DatadirCleanupManager$PurgeTask@145] - Purge task completed.
